-2123564535
-2122889774
-2121790622
-2118462877
-2109002962
-2105245367
-2104893301
-2085111009
-2084193638
-2080597888
-2078325774
-2073388421
-2067423688
-2064977346
-2055899347
-2053074384
-2044322094
-2041016889
-2038499955
-2031443634
-2029245344
-2024690260
-2020260297
-2010942712
-2009555281
-1998860812
-1984965936
-1984724808
-1983992359
-1982538076
-1976650077
-1973026307
-1970949394
-1964107390
-1960685712
-1958889966
-1956822585
-1953449491
-1947478976
-1946500121
-1941906872
-1941521519
-1928515081
-1928213227
-1922584566
-1922138994
-1918774763
-1909106964
-1900436867
-1899522745
-1898809977
-1892383827
-1891326731
-1889466698
-1885924449
-1879452383
-1877755886
-1874800002
-1874097252
-1860516703
-1859403340
-1854531912
-1844186768
-1838582971
-1838003686
-1837414150
-1832362659
-1830252637
-1816095477
-1812132753
-1805403991
-1802675436
-1802042053
-1797091033
-1781205275
-1780889478
-1770220150
-1764833289
-1763942958
-1761872213
-1760382446
-1755577391
-1754660090
-1751304259
-1748530735
-1742952058
-1742893177
-1742234743
-1727985978
-1727798806
-1725908036
-1723422805
-1720218108
-1718200513
-1717495359
-1712782358
-1708896725
-1708292097
-1707516370
-1694937715
-1694878871
-1691376490
-1689172127
-1689166330
-1677018603
-1676195965
-1670715432
-1666418558
-1662201515
-1654921040
-1654267915
-1650990278
-1649575242
-1639446743
-1630123635
-1627352226
-1625391566
-1622476358
-1621764472
-1617176074
-1615018349
-1612026745
-1611217501
-1610208859
-1603736023
-1601824871
-1599549913
-1592103963
-1592025730
-1590863745
-1587338095
-1584601219
-1582625199
-1581598646
-1577230452
-1569604364
-1567536691
-1561206970
-1559773941
-1559250487
-1557297963
-1554254752
-1549350870
-1542379315
-1535294422
-1532349526
-1525672169
-1524195552
-1522376065
-1521501913
-1518165676
-1516229278
-1515223893
-1513882487
-1511563862
-1510039071
-1508215924
-1504645171
-1503249781
-1498701957
-1498078078
-1497474777
-1490431010
-1489188524
-1488532719
-1483707387
-1478973524
-1473785658
-1465123399
-1464102209
-1462202575
-1461979690
-1459394852
-1451703902
-1448358269
-1439652682
-1439091728
-1438176029
-1431217672
-1427835856
-1424145715
-1423978671
-1420181112
-1417160114
-1407708312
-1405576646
-1395358592
-1395099758
-1383599002
-1381903615
-1378709063
-1367191687
-1353007384
-1352509787
-1346629282
-1340314160
-1336701861
-1334385078
-1331392233
-1328629798
-1320894879
-1320014155
-1312075241
-1309276123
-1305750132
-1303215458
-1297338738
-1288862311
-1285848414
-1280846843
-1259590547
-1258300409
-1247156123
-1242929712
-1240890052
-1239651240
-1236570460
-1232063060
-1231630564
-1231487175
-1216312011
-1214599007
-1206639052
-1200663374
-1195281809
-1192656181
-1191834023
-1190078721
-1187705462
-1185376548
-1183476132
-1176132332
-1175193867
-1168693671
-1158291080
-1155848042
-1153947130
-1149220148
-1136320745
-1131615245
-1125729747
-1115336210
-1113730817
-1110431571
-1110204450
-1107144044
-1107128054
-1105756628
-1104364321
-1103154342
-1098994726
-1096793584
-1096341777
-1094328058
-1082595403
-1081333219
-1081145223
-1079609401
-1075649368
-1068577672
-1064626678
-1063763280
-1062494920
-1060215004
-1055385634
-1050933674
-1043888932
-1037334950
-1035893002
-1035041575
-1034573980
-1024963382
-1018311026
-1015860185
-1013117437
-1011901382
-1010088652
-1009174667
-1009163004
-1008225383
-1006318650
-999981675
-996541692
-995087413
-992702090
-991643686
-991060832
-983046137
-973694047
-969909562
-960195503
-956493472
-951061613
-947686393
-943602048
-936267355
-932701829
-932641860
-932334473
-932159281
-925906776
-919945684
-918813522
-916118135
-915789139
-912515258
-909983173
-908824067
-898724387
-889401196
-885530254
-873097795
-861929665
-847353475
-840939313
-835028427
-833805809
-833395682
-829359612
-822683159
-815556257
-814532615
-811386305
-808779933
-803566995
-799791878
-799703965
-795061560
-790139751
-787586023
-781921103
-777443823
-773608099
-762327632
-759808015
-755877566
-755376814
-754122780
-744191730
-742844092
-739450457
-727816823
-713326966
-709692621
-706195026
-703692784
-701143964
-691185985
-689589975
-686770944
-686488653
-685542761
-673655629
-665717982
-664933784
-663823821
-663217415
-662025844
-659354551
-655266022
-639987576
-626895441
-619238221
-614925219
-614582078
-602521116
-591979960
-590414240
-589224187
-579470246
-577426518
-569957988
-563844479
-559157921
-558774627
-554422286
-553110178
-551742381
-549573190
-549515717
-547250294
-542661008
-541184505
-539750642
-537396961
-536223218
-535000779
-532067146
-523736288
-523735670
-522996761
-518984194
-499995817
-492561542
-481716890
-477644810
-472438426
-467047263
-455568864
-455007283
-448307120
-446984295
-437580556
-437492240
-430935046
-430854894
-427722088
-425001083
-420046349
-415462139
-415174382
-402224084
-395673900
-395212577
-394998113
-391849873
-381382729
-381031097
-378153752
-373970362
-368814536
-368323618
-368276204
-368063680
-365930495
-353499547
-353306883
-342470123
-336926191
-332662127
-332394906
-323412307
-315169297
-315060020
-313169912
-311953435
-311420819
-310797602
-310020295
-302585180
-295429682
-293321082
-291771450
-291091741
-290550541
-286087163
-283351843
-278383490
-275525358
-258772370
-237618151
-236503554
-230560059
-229237918
-228490633
-224669144
-224445352
-223627244
-216496035
-214351683
-199878908
-198347759
-192200047
-192012805
-187081550
-185949863
-185308875
-180053519
-178934433
-176768871
-166866460
-163431200
-163015117
-160386619
-159124847
-151141088
-145938865
-144735545
-143196069
-131565156
-126784633
-124306641
-121147114
-120348937
-118471573
-114511037
-112207549
-110814311
-105351365
-105093046
-103118211
-87882675
-85474707
-83346194
-82464991
-76420035
-71268728
-68784117
-62120939
-50565567
-49460782
-38701623
-37001794
-31303118
-22809765
-11846927
-579414
1801931
2622672
9599117
16506466
30080594
31341067
37282062
37529048
37882921
39349142
40245353
42034705
55157291
62251072
69552532
77266189
81885086
82469058
85138698
89083392
91633434
94576655
95818834
98738430
100421766
101587636
109192520
115572514
118180735
119475544
121836080
121967528
122684252
123427514
128821600
136137882
142578319
145194698
156198958
164872386
165199540
166122885
171932812
172594700
175244572
179008542
179480910
180955507
193056854
210478621
213450509
215679577
216085176
216435881
218196750
221175359
223271536
235041165
239548635
243068101
243953625
251844681
259401498
260385153
265272867
268182924
270286892
271141758
273543524
274383504
279958454
281351679
283673625
285488135
287129856
296049284
296678118
297493846
298874082
299317362
302143707
302584686
303603870
305093391
307475423
315535735
317438473
337135467
343595388
344626432
351335468
352695123
357517498
364324606
365641853
372901240
379209970
382922376
398742698
400337255
421372303
431747990
441190897
452073575
457870811
460282057
470218358
472106575
472920637
480649162
481176361
482457663
495672499
506713355
510705302
512256502
524646791
525731305
525893989
533544081
537370085
546156786
547672029
550666718
566836875
568562508
572248887
575479679
575840251
576675632
576842148
585922919
589867103
603865334
610482754
611665224
623295113
627905324
635202526
636799788
640028831
642859478
653943991
654627135
660631757
666211981
671929023
679525210
685438024
687620586
689645352
694429193
699785647
712491382
721285666
728823683
730070237
735041497
736409729
738838961
739835444
749697145
758808563
763405713
774947432
786406832
792255575
795635634
803452726
803752103
809354348
810930423
812236234
813231385
813638858
814101332
817337841
817797268
818203369
829243983
830900205
832188057
836395180
843032207
849970744
851965465
862015941
862756512
867105643
879679121
883725284
884621242
897066803
898194510
902941957
906777194
909218600
909387278
911795341
912403988
913167388
920359981
923462621
923499308
924690600
925943202
927115134
939918285
949130671
949416933
958171300
958986843
966547851
971386184
973569346
977203556
978610555
979546266
983512190
999191360
999336929
1000571058
1003390051
1004461226
1010267333
1011775354
1016567359
1024841762
1037322342
1038401656
1040990576
1041056903
1043971199
1045183505
1045216592
1053211294
1053518052
1054343535
1058009384
1059903216
1066309785
1067203289
1071467387
1072754554
1072897608
1092465769
1092656662
1093953823
1097645650
1102337113
1106562667
1106703112
1107383502
1115308205
1116693178
1131852736
1133181806
1133696816
1141437492
1142596930
1143801402
1156630357
1174392425
1183589885
1184839707
1186050148
1194723196
1196991105
1199059828
1206473486
1218686448
1229240413
1232785267
1236743510
1240057653
1243122624
1247245298
1248713655
1261077528
1266111462
1266462489
1268869301
1272001182
1279094838
1295595588
1296950161
1298032182
1303712521
1313755757
1317630033
1320086442
1322895587
1325005071
1341706555
1342158226
1351295993
1353567450
1355544501
1357681687
1361240780
1365380454
1367895285
1369242000
1372995117
1374727575
1378307722
1378620971
1378632492
1379210417
1383343247
1396894497
1397581151
1399778224
1400511495
1402311954
1402552474
1403757559
1403878947
1404180388
1405462101
1413501989
1417076460
1420873720
1430252555
1433136383
1443741126
1454443853
1455593621
1459683649
1461516661
1464289047
1466151523
1467559913
1473361972
1479844503
1482610734
1483281593
1485774993
1491373681
1495176958
1505178987
1506733516
1508674250
1519342572
1519544875
1519568667
1524555910
1527551530
1529878261
1530300949
1540866929
1541920792
1542322372
1549846800
1554863257
1558886366
1566693645
1572599193
1575071277
1586960512
1596484697
1597870550
1599956044
1606003361
1611901292
1613158021
1615134569
1615135587
1617734058
1621141405
1625363858
1626045411
1634964965
1642116815
1659716205
1660106183
1663724390
1665421986
1668837364
1674554666
1675611857
1684571288
1688874499
1691525834
1704088481
1717257780
1717984576
1720475010
1723622599
1725366570
1727224266
1727366177
1731982720
1732223178
1733354190
1739926861
1744283105
1747423949
1752186332
1757743080
1758892351
1773205074
1780296420
1787828192
1789241612
1790142622
1795483040
1796297931
1811253092
1817940356
1817971245
1820742766
1823364134
1823533515
1823736221
1825312599
1829488932
1833953395
1837423949
1843213869
1843960262
1845671918
1851024879
1851059543
1851430555
1853492244
1858661521
1859702671
1861492062
1861603209
1863812192
1865590224
1871367148
1876662210
1879417178
1885190874
1889683530
1890547120
1893050005
1893237672
1897011171
1903629176
1906653993
1910677283
1919215558
1923370135
1923882009
1933699566
1934272209
1942244349
1947669660
1954614804
1959653651
1966234023
1970691624
1975398161
1983429279
1984140167
1991008991
1995940039
1996365538
2001350316
2002420128
2003224293
2006981738
2018115810
2024425037
2025694122
2038890851
2044342379
2048337086
2053026874
2055300762
2058432002
2059781427
2067088408
2076563400
2084194965
2093638185
2093704385
2100366558
2102801996
2111462550
2112249989
2118245718
2118641727
2125300916
2125447948
2135714412
2136447741
2141840408
2142799378
2142882211